[2026-07-11 03:45:13] [HEADER] ========================================
[2026-07-11 03:45:13] [HEADER] NASRIUM CMD_149 - ONE-CLICK STARTER
[2026-07-11 03:45:13] [HEADER] ========================================
[2026-07-11 03:45:13] [STEP] --- Starting NASRIUM Server ---
[2026-07-11 03:45:13] [SUCCESS] Server started in new window
[2026-07-11 03:45:13] [STEP] --- Opening Browser ---
[2026-07-11 03:45:13] [SUCCESS] Browser opened with localhost:8080
[2026-07-11 03:45:13] [INFO] 
[2026-07-11 03:45:13] [HEADER] ========================================
[2026-07-11 03:45:13] [HEADER] CMD_149 COMPLETE
[2026-07-11 03:45:13] [HEADER] ========================================
[2026-07-11 03:45:13] [SUCCESS] ✅ Server: STARTED
[2026-07-11 03:45:13] [SUCCESS] ✅ Browser: OPENED
[2026-07-11 03:45:13] [INFO] 
[2026-07-11 03:45:13] [INFO] Game URL: http://localhost:8080
[2026-07-11 03:45:13] [INFO] 
[2026-07-11 03:45:13] [WARNING] To share with others:
[2026-07-11 03:45:13] [WARNING] 1. Install VPN on your system
[2026-07-11 03:45:13] [WARNING] 2. Run START_TUNNEL.bat
[2026-07-11 03:45:13] [WARNING] 3. Get HTTPS URL
[2026-07-11 03:45:13] [WARNING] 4. Share in Telegram
