[2026-07-09 13:27:54] [ORCHESTRATOR] Governance Orchestrator Engine Ready.
[2026-07-09 13:37:01] [ORCHESTRATOR] Governance Orchestrator Engine Ready.
[2026-07-09 13:37:01] [ORCHESTRATOR] Previous command: CMD_000_002
[2026-07-09 13:38:35] [ORCHESTRATOR] Governance Orchestrator Engine Ready.
[2026-07-09 13:38:35] [ORCHESTRATOR] Previous command: CMD_000_002
[2026-07-09 13:38:35] [ORCHESTRATOR] Executing CMD_001 ...
[2026-07-09 13:38:35] [ORCHESTRATOR] CMD_001 completed successfully.
[2026-07-09 13:51:33] [ORCHESTRATOR] Governance Orchestrator Engine Ready.
[2026-07-09 13:51:33] [ORCHESTRATOR] Previous command: CMD_001
[2026-07-09 13:51:33] [ORCHESTRATOR] Executing CMD_002 ...
[2026-07-09 13:52:32] [ORCHESTRATOR] Governance Orchestrator Engine Ready.
[2026-07-09 13:55:00] [ORCHESTRATOR] Governance Orchestrator Engine Ready.
[2026-07-09 14:36:30] [ORCHESTRATOR] Governance Orchestrator Engine v2.1 Ready.
[2026-07-09 14:36:30] [ORCHESTRATOR] RECOVERY: CMD_002_state.json marked as FAILED (was stalled)
[2026-07-09 14:36:30] [ORCHESTRATOR] Previous command: CMD_002 [FAILED - Retry Allowed]
[2026-07-09 14:36:30] [ORCHESTRATOR] Executing CMD_TEST_VALIDATION ...
[2026-07-09 14:36:30] [ORCHESTRATOR] CMD_TEST_VALIDATION completed successfully.
[2026-07-09 14:45:42] [ORCHESTRATOR] Governance Orchestrator Engine v2.2 Ready (Integrity Enforced).
[2026-07-09 14:45:53] [ORCHESTRATOR] Governance Orchestrator Engine v2.2 Ready (Integrity Enforced).
[2026-07-09 14:47:23] [ORCHESTRATOR] Governance Orchestrator Engine v2.2 Ready (Integrity Enforced).
[2026-07-09 14:47:23] [ORCHESTRATOR] Running Governance Integrity Check...
[2026-07-09 14:48:34] [ORCHESTRATOR] Governance Orchestrator Engine v2.2 Ready (Integrity Enforced).
[2026-07-09 14:48:34] [ORCHESTRATOR] Running Governance Integrity Check...
[2026-07-09 14:48:34] [ORCHESTRATOR] Governance Integrity Verified.
[2026-07-09 14:48:34] [ORCHESTRATOR] Executing CMD_010_001 ...
[2026-07-09 14:48:34] [ORCHESTRATOR] CMD_010_001 completed successfully.
[2026-07-09 14:48:34] [ORCHESTRATOR] Governance Orchestrator Engine v2.2 Ready (Integrity Enforced).
[2026-07-09 14:48:34] [ORCHESTRATOR] Running Governance Integrity Check...
[2026-07-09 14:48:34] [ORCHESTRATOR] Governance Integrity Verified.
[2026-07-09 14:48:34] [ORCHESTRATOR] Executing CMD_010_001 ...
[2026-07-09 14:48:34] [ORCHESTRATOR] CMD_010_001 completed successfully.
[2026-07-09 16:52:52] [ORCHESTRATOR] Governance Orchestrator Engine v2.2 Ready.
[2026-07-09 16:52:52] [ORCHESTRATOR] Running Governance Integrity Check...
[2026-07-09 16:55:07] [ORCHESTRATOR] Governance Orchestrator Engine v2.2 Ready.
[2026-07-09 16:55:07] [ORCHESTRATOR] Running Governance Integrity Check...
[2026-07-09 16:58:25] [ORCHESTRATOR] Governance Orchestrator Engine v2.2 Ready.
[2026-07-09 16:58:25] [ORCHESTRATOR] Running Governance Integrity Check...
[2026-07-09 16:58:25] [ORCHESTRATOR] Governance Integrity Verified.
[2026-07-09 16:58:25] [ORCHESTRATOR] Executing CMD_094 ...
[2026-07-09 16:58:25] [ORCHESTRATOR] CMD_094 completed successfully.
[2026-07-09 17:02:47] [ORCHESTRATOR] Governance Orchestrator Engine v2.2 Ready.
[2026-07-09 17:02:47] [ORCHESTRATOR] Running Governance Integrity Check...
[2026-07-09 17:02:47] [ORCHESTRATOR] Governance Integrity Verified.
[2026-07-09 17:02:47] [ORCHESTRATOR] Executing CMD_095 ...
[2026-07-09 17:02:47] [ORCHESTRATOR] CMD_095 completed successfully.
[2026-07-09 17:06:21] [ORCHESTRATOR] Governance Orchestrator Engine v2.2 Ready.
[2026-07-09 17:06:21] [ORCHESTRATOR] Running Governance Integrity Check...
[2026-07-09 17:06:21] [ORCHESTRATOR] Governance Integrity Verified.
[2026-07-09 17:06:21] [ORCHESTRATOR] Executing CMD_096 ...
[2026-07-09 17:06:21] [ORCHESTRATOR] CMD_096 completed successfully.
[2026-07-09 17:08:04] [ORCHESTRATOR] Governance Orchestrator Engine v2.2 Ready.
[2026-07-09 17:08:04] [ORCHESTRATOR] Running Governance Integrity Check...
[2026-07-09 17:08:04] [ORCHESTRATOR] Governance Integrity Verified.
[2026-07-09 17:08:04] [ORCHESTRATOR] Executing CMD_097 ...
[2026-07-09 17:08:05] [ORCHESTRATOR] CMD_097 completed successfully.
[2026-07-09 17:09:29] [ORCHESTRATOR] Governance Orchestrator Engine v2.2 Ready.
[2026-07-09 17:09:29] [ORCHESTRATOR] Running Governance Integrity Check...
[2026-07-09 17:09:29] [ORCHESTRATOR] Governance Integrity Verified.
[2026-07-09 17:09:29] [ORCHESTRATOR] Executing CMD_098 ...
[2026-07-09 17:09:29] [ORCHESTRATOR] FAILED: CMD_098 - Integration tests failed.
[2026-07-09 17:11:40] [ORCHESTRATOR] Governance Orchestrator Engine v2.2 Ready.
[2026-07-09 17:11:40] [ORCHESTRATOR] Running Governance Integrity Check...
[2026-07-09 17:11:40] [ORCHESTRATOR] Governance Integrity Verified.
[2026-07-09 17:11:40] [ORCHESTRATOR] Executing CMD_098 ...
[2026-07-09 17:11:40] [ORCHESTRATOR] FAILED: CMD_098 - Integration tests failed.
[2026-07-09 17:13:38] [ORCHESTRATOR] Governance Orchestrator Engine v2.2 Ready.
[2026-07-09 17:13:38] [ORCHESTRATOR] Running Governance Integrity Check...
[2026-07-09 17:13:39] [ORCHESTRATOR] Governance Integrity Verified.
[2026-07-09 17:13:39] [ORCHESTRATOR] Executing CMD_096_002 ...
[2026-07-09 17:13:39] [ORCHESTRATOR] CMD_096_002 completed successfully.
[2026-07-09 17:13:54] [ORCHESTRATOR] Governance Orchestrator Engine v2.2 Ready.
[2026-07-09 17:13:54] [ORCHESTRATOR] Running Governance Integrity Check...
[2026-07-09 17:13:54] [ORCHESTRATOR] Governance Integrity Verified.
[2026-07-09 17:13:54] [ORCHESTRATOR] Executing CMD_098 ...
[2026-07-09 17:13:54] [ORCHESTRATOR] FAILED: CMD_098 - The property 'Count' cannot be found on this object. Verify that the property exists.
[2026-07-09 17:15:17] [ORCHESTRATOR] Governance Orchestrator Engine v2.2 Ready.
[2026-07-09 17:15:17] [ORCHESTRATOR] Running Governance Integrity Check...
[2026-07-09 17:15:17] [ORCHESTRATOR] Governance Integrity Verified.
[2026-07-09 17:15:17] [ORCHESTRATOR] Executing CMD_098_002 ...
[2026-07-09 17:15:17] [ORCHESTRATOR] CMD_098_002 completed successfully.
[2026-07-09 17:16:29] [ORCHESTRATOR] Governance Orchestrator Engine v2.2 Ready.
[2026-07-09 17:16:29] [ORCHESTRATOR] Running Governance Integrity Check...
[2026-07-09 17:16:29] [ORCHESTRATOR] Governance Integrity Verified.
[2026-07-09 17:16:29] [ORCHESTRATOR] Executing CMD_099 ...
[2026-07-09 17:16:29] [ORCHESTRATOR] CMD_099 completed successfully.
[2026-07-09 17:17:31] [ORCHESTRATOR] Governance Orchestrator Engine v2.2 Ready.
[2026-07-09 17:17:31] [ORCHESTRATOR] Running Governance Integrity Check...
[2026-07-09 17:17:31] [ORCHESTRATOR] Governance Integrity Verified.
[2026-07-09 17:17:31] [ORCHESTRATOR] Executing CMD_100 ...
[2026-07-09 17:17:31] [ORCHESTRATOR] CMD_100 completed successfully.
[2026-07-09 17:19:11] [ORCHESTRATOR] Governance Orchestrator Engine v2.2 Ready.
[2026-07-09 17:19:11] [ORCHESTRATOR] Running Governance Integrity Check...
[2026-07-09 17:19:11] [ORCHESTRATOR] Governance Integrity Verified.
[2026-07-09 17:19:11] [ORCHESTRATOR] Executing CMD_101 ...
[2026-07-09 17:19:12] [ORCHESTRATOR] FAILED: CMD_101 - Validation Test Failed: Invalid object passed in, ':' or '}' expected. (305): {
  "buildings": {
    "TownHall": {
      "levels": {
        "1": { "cost_gold": 0, "build_time_seconds": 0 },
        "2": { "cost_gold": 1000, "build_time_seconds": 60 }
      }
    },
    "GoldMine": {
      "levels": {
        "1": { "cost_gold": 300, "build_time_seconds": 10 }
        "2": { "cost_gold": 800, "build_time_seconds": 30 }
      }
    }
  },
  "economy": {
    "initial_gold": 500,
    "initial_nsm": 0,
    "initial_energy": 100
  }
}
[2026-07-09 17:23:02] [ORCHESTRATOR] Governance Orchestrator Engine v2.2 Ready.
[2026-07-09 17:23:02] [ORCHESTRATOR] Running Governance Integrity Check...
[2026-07-09 17:23:02] [ORCHESTRATOR] Governance Integrity Verified.
[2026-07-09 17:23:02] [ORCHESTRATOR] Executing CMD_102 ...
[2026-07-09 17:23:02] [ORCHESTRATOR] FAILED: CMD_102 - Integration Test Failed: Invalid object passed in, ':' or '}' expected. (305): {
  "buildings": {
    "TownHall": {
      "levels": {
        "1": { "cost_gold": 0, "build_time_seconds": 0 },
        "2": { "cost_gold": 1000, "build_time_seconds": 60 }
      }
    },
    "GoldMine": {
      "levels": {
        "1": { "cost_gold": 300, "build_time_seconds": 10 }
        "2": { "cost_gold": 800, "build_time_seconds": 30 }
      }
    }
  },
  "economy": {
    "initial_gold": 500,
    "initial_nsm": 0,
    "initial_energy": 100
  }
}
[2026-07-09 17:24:29] [ORCHESTRATOR] Governance Orchestrator Engine v2.2 Ready.
[2026-07-09 17:24:29] [ORCHESTRATOR] Running Governance Integrity Check...
[2026-07-09 17:24:29] [ORCHESTRATOR] Governance Integrity Verified.
[2026-07-09 17:24:29] [ORCHESTRATOR] Executing CMD_103 ...
[2026-07-09 17:24:29] [ORCHESTRATOR] FAILED: CMD_103 - Integration Test Failed: Test 1 Failed: Resource claim unsuccessful.
[2026-07-09 17:26:05] [ORCHESTRATOR] Governance Orchestrator Engine v2.2 Ready.
[2026-07-09 17:26:05] [ORCHESTRATOR] Running Governance Integrity Check...
[2026-07-09 17:26:05] [ORCHESTRATOR] Governance Integrity Verified.
[2026-07-09 17:26:05] [ORCHESTRATOR] Executing CMD_103_002 ...
[2026-07-09 17:26:05] [ORCHESTRATOR] FAILED: CMD_103_002 - Integration Test Failed: Test 2 Failed: Should reject TownHall yield.
[2026-07-09 17:28:48] [ORCHESTRATOR] Governance Orchestrator Engine v2.2 Ready.
[2026-07-09 17:28:48] [ORCHESTRATOR] Running Governance Integrity Check...
[2026-07-09 17:28:48] [ORCHESTRATOR] Governance Integrity Verified.
[2026-07-09 17:28:48] [ORCHESTRATOR] Executing CMD_103_003 ...
[2026-07-09 17:28:48] [ORCHESTRATOR] CMD_103_003 completed successfully.
[2026-07-09 17:32:21] [ORCHESTRATOR] Governance Orchestrator Engine v2.2 Ready.
[2026-07-09 17:32:21] [ORCHESTRATOR] Running Governance Integrity Check...
[2026-07-09 17:32:21] [ORCHESTRATOR] Governance Integrity Verified.
[2026-07-09 17:32:21] [ORCHESTRATOR] Executing CMD_104 ...
[2026-07-09 17:32:22] [ORCHESTRATOR] CMD_104 completed successfully.
[2026-07-09 17:34:14] [ORCHESTRATOR] Governance Orchestrator Engine v2.2 Ready.
[2026-07-09 17:34:14] [ORCHESTRATOR] Running Governance Integrity Check...
[2026-07-09 17:34:14] [ORCHESTRATOR] Governance Integrity Verified.
[2026-07-09 17:34:14] [ORCHESTRATOR] Executing CMD_105 ...
[2026-07-09 17:34:14] [ORCHESTRATOR] FAILED: CMD_105 - Integration Test Failed: Test 2 Failed: Should rollback.
[2026-07-09 17:35:53] [ORCHESTRATOR] Governance Orchestrator Engine v2.2 Ready.
[2026-07-09 17:35:53] [ORCHESTRATOR] Running Governance Integrity Check...
[2026-07-09 17:35:53] [ORCHESTRATOR] Governance Integrity Verified.
[2026-07-09 17:35:53] [ORCHESTRATOR] Executing CMD_105_002 ...
[2026-07-09 17:35:54] [ORCHESTRATOR] CMD_105_002 completed successfully.
[2026-07-09 17:37:23] [ORCHESTRATOR] Governance Orchestrator Engine v2.2 Ready.
[2026-07-09 17:37:23] [ORCHESTRATOR] Running Governance Integrity Check...
[2026-07-09 17:37:23] [ORCHESTRATOR] Governance Integrity Verified.
[2026-07-09 17:37:23] [ORCHESTRATOR] Executing CMD_106 ...
[2026-07-09 17:37:24] [ORCHESTRATOR] CMD_106 completed successfully.
[2026-07-09 17:40:12] [ORCHESTRATOR] Governance Orchestrator Engine v2.2 Ready.
[2026-07-09 17:40:12] [ORCHESTRATOR] Running Governance Integrity Check...
[2026-07-09 17:40:12] [ORCHESTRATOR] Governance Integrity Verified.
[2026-07-09 17:40:12] [ORCHESTRATOR] Executing CMD_107 ...
[2026-07-09 17:40:12] [ORCHESTRATOR] CMD_107 completed successfully.
[2026-07-09 17:41:35] [ORCHESTRATOR] Governance Orchestrator Engine v2.2 Ready.
[2026-07-09 17:41:35] [ORCHESTRATOR] Running Governance Integrity Check...
[2026-07-09 17:41:35] [ORCHESTRATOR] Governance Integrity Verified.
[2026-07-09 17:41:36] [ORCHESTRATOR] Executing CMD_108 ...
[2026-07-09 17:41:36] [ORCHESTRATOR] FAILED: CMD_108 - Integration Test Failed: Test 2 Failed: /build command failed.
[2026-07-09 17:44:06] [ORCHESTRATOR] Governance Orchestrator Engine v2.2 Ready.
[2026-07-09 17:44:06] [ORCHESTRATOR] Running Governance Integrity Check...
[2026-07-09 17:44:06] [ORCHESTRATOR] Governance Integrity Verified.
[2026-07-09 17:44:06] [ORCHESTRATOR] Executing CMD_108_002 ...
[2026-07-09 17:44:06] [ORCHESTRATOR] CMD_108_002 completed successfully.
[2026-07-09 17:45:47] [ORCHESTRATOR] Governance Orchestrator Engine v2.2 Ready.
[2026-07-09 17:45:47] [ORCHESTRATOR] Running Governance Integrity Check...
[2026-07-09 17:45:47] [ORCHESTRATOR] Governance Integrity Verified.
[2026-07-09 17:45:47] [ORCHESTRATOR] Executing CMD_109 ...
[2026-07-09 17:45:47] [ORCHESTRATOR] CMD_109 completed successfully.
[2026-07-09 17:46:54] [ORCHESTRATOR] Governance Orchestrator Engine v2.2 Ready.
[2026-07-09 17:46:54] [ORCHESTRATOR] Running Governance Integrity Check...
[2026-07-09 17:46:55] [ORCHESTRATOR] Governance Integrity Verified.
[2026-07-09 17:46:55] [ORCHESTRATOR] Executing CMD_110 ...
[2026-07-09 17:46:55] [ORCHESTRATOR] CMD_110 completed successfully.
[2026-07-09 17:47:55] [ORCHESTRATOR] Governance Orchestrator Engine v2.2 Ready.
[2026-07-09 17:47:55] [ORCHESTRATOR] Running Governance Integrity Check...
[2026-07-09 17:47:55] [ORCHESTRATOR] Governance Integrity Verified.
[2026-07-09 17:47:55] [ORCHESTRATOR] Executing CMD_111 ...
[2026-07-09 17:47:56] [ORCHESTRATOR] CMD_111 completed successfully.
[2026-07-09 17:49:09] [ORCHESTRATOR] Governance Orchestrator Engine v2.2 Ready.
[2026-07-09 17:49:09] [ORCHESTRATOR] Running Governance Integrity Check...
[2026-07-09 17:49:09] [ORCHESTRATOR] Governance Integrity Verified.
[2026-07-09 17:49:09] [ORCHESTRATOR] Executing CMD_112 ...
[2026-07-09 17:49:09] [ORCHESTRATOR] CMD_112 completed successfully.
[2026-07-09 17:51:47] [ORCHESTRATOR] Governance Orchestrator Engine v2.2 Ready.
[2026-07-09 17:51:47] [ORCHESTRATOR] Running Governance Integrity Check...
[2026-07-09 17:53:28] [ORCHESTRATOR] Governance Orchestrator Engine v2.2 Ready.
[2026-07-09 17:53:28] [ORCHESTRATOR] Running Governance Integrity Check...
[2026-07-09 17:53:28] [ORCHESTRATOR] Governance Integrity Verified.
[2026-07-09 17:53:28] [ORCHESTRATOR] Executing CMD_113 ...
[2026-07-09 17:53:29] [ORCHESTRATOR] CMD_113 completed successfully.
[2026-07-09 17:54:13] [ORCHESTRATOR] Governance Orchestrator Engine v2.2 Ready.
[2026-07-09 17:54:13] [ORCHESTRATOR] Running Governance Integrity Check...
[2026-07-09 17:54:13] [ORCHESTRATOR] Governance Integrity Verified.
[2026-07-09 17:54:13] [ORCHESTRATOR] Executing CMD_114 ...
[2026-07-09 17:54:13] [ORCHESTRATOR] CMD_114 completed successfully.
[2026-07-09 17:55:13] [ORCHESTRATOR] Governance Orchestrator Engine v2.2 Ready.
[2026-07-09 17:55:14] [ORCHESTRATOR] Running Governance Integrity Check...
[2026-07-09 17:55:14] [ORCHESTRATOR] Governance Integrity Verified.
[2026-07-09 17:55:14] [ORCHESTRATOR] Executing CMD_115 ...
[2026-07-09 17:55:14] [ORCHESTRATOR] FAILED: CMD_115 - Integration Test Failed: The property 'Reason' cannot be found on this object. Verify that the property exists.
[2026-07-09 17:56:27] [ORCHESTRATOR] Governance Orchestrator Engine v2.2 Ready.
[2026-07-09 17:56:27] [ORCHESTRATOR] Running Governance Integrity Check...
[2026-07-09 17:56:27] [ORCHESTRATOR] Governance Integrity Verified.
[2026-07-09 17:56:27] [ORCHESTRATOR] Executing CMD_115_002 ...
[2026-07-09 17:56:27] [ORCHESTRATOR] CMD_115_002 completed successfully.
[2026-07-09 18:03:58] [ORCHESTRATOR] Governance Orchestrator Engine v2.2 Ready.
[2026-07-09 18:03:58] [ORCHESTRATOR] Running Governance Integrity Check...
[2026-07-09 18:03:58] [ORCHESTRATOR] Governance Integrity Verified.
[2026-07-09 18:03:58] [ORCHESTRATOR] Executing CMD_116 ...
[2026-07-09 18:03:58] [ORCHESTRATOR] CMD_116 completed successfully.
[2026-07-09 18:05:15] [ORCHESTRATOR] Governance Orchestrator Engine v2.2 Ready.
[2026-07-09 18:05:16] [ORCHESTRATOR] Running Governance Integrity Check...
[2026-07-09 18:05:16] [ORCHESTRATOR] Governance Integrity Verified.
[2026-07-09 18:05:16] [ORCHESTRATOR] Executing CMD_117 ...
[2026-07-09 18:05:16] [ORCHESTRATOR] CMD_117 completed successfully.
[2026-07-09 18:20:18] [ORCHESTRATOR] Governance Orchestrator Engine v2.2 Ready.
[2026-07-09 18:20:18] [ORCHESTRATOR] Running Governance Integrity Check...
[2026-07-09 18:20:18] [ORCHESTRATOR] Governance Integrity Verified.
[2026-07-09 18:20:18] [ORCHESTRATOR] Executing CMD_118 ...
[2026-07-09 18:20:18] [ORCHESTRATOR] CMD_118 completed successfully.
[2026-07-09 18:27:07] [ORCHESTRATOR] Governance Orchestrator Engine v2.2 Ready.
[2026-07-09 18:27:07] [ORCHESTRATOR] Running Governance Integrity Check...
[2026-07-09 18:29:12] [ORCHESTRATOR] Governance Orchestrator Engine v2.2 Ready.
[2026-07-09 18:29:12] [ORCHESTRATOR] Running Governance Integrity Check...
[2026-07-09 18:29:12] [ORCHESTRATOR] Governance Integrity Verified.
[2026-07-09 18:29:12] [ORCHESTRATOR] Executing CMD_119 ...
[2026-07-09 18:29:13] [ORCHESTRATOR] CMD_119 completed successfully.
[2026-07-09 18:29:36] [ORCHESTRATOR] Governance Orchestrator Engine v2.2 Ready.
[2026-07-09 18:29:36] [ORCHESTRATOR] Running Governance Integrity Check...
[2026-07-09 18:29:36] [ORCHESTRATOR] Governance Integrity Verified.
[2026-07-09 18:29:36] [ORCHESTRATOR] Executing CMD_119 ...
[2026-07-09 18:29:36] [ORCHESTRATOR] CMD_119 completed successfully.
[2026-07-09 18:31:04] [ORCHESTRATOR] Governance Orchestrator Engine v2.2 Ready.
[2026-07-09 18:31:04] [ORCHESTRATOR] Running Governance Integrity Check...
[2026-07-09 18:31:04] [ORCHESTRATOR] Governance Integrity Verified.
[2026-07-09 18:31:04] [ORCHESTRATOR] Executing CMD_120 ...
[2026-07-09 18:31:05] [ORCHESTRATOR] FAILED: CMD_120 - Integration Test Failed: Attempted to divide by zero.
[2026-07-09 18:32:42] [ORCHESTRATOR] Governance Orchestrator Engine v2.2 Ready.
[2026-07-09 18:32:42] [ORCHESTRATOR] Running Governance Integrity Check...
[2026-07-09 18:32:42] [ORCHESTRATOR] Governance Integrity Verified.
[2026-07-09 18:32:42] [ORCHESTRATOR] Executing CMD_120_002 ...
[2026-07-09 18:32:42] [ORCHESTRATOR] CMD_120_002 completed successfully.
[2026-07-09 18:38:01] [ORCHESTRATOR] Governance Orchestrator Engine v2.2 Ready.
[2026-07-09 18:38:01] [ORCHESTRATOR] Running Governance Integrity Check...
[2026-07-09 18:38:01] [ORCHESTRATOR] Governance Integrity Verified.
[2026-07-09 18:38:01] [ORCHESTRATOR] Executing CMD_121 ...
[2026-07-09 18:38:01] [ORCHESTRATOR] CMD_121 completed successfully.
[2026-07-09 18:46:20] [ORCHESTRATOR] Governance Orchestrator Engine v2.2 Ready.
[2026-07-09 18:46:20] [ORCHESTRATOR] Running Governance Integrity Check...
[2026-07-09 18:46:20] [ORCHESTRATOR] Governance Integrity Verified.
[2026-07-09 18:46:21] [ORCHESTRATOR] Executing CMD_122 ...
[2026-07-09 18:46:21] [ORCHESTRATOR] CMD_122 completed successfully.
[2026-07-09 18:48:25] [ORCHESTRATOR] Governance Orchestrator Engine v2.2 Ready.
[2026-07-09 18:48:25] [ORCHESTRATOR] Running Governance Integrity Check...
[2026-07-09 18:48:25] [ORCHESTRATOR] Governance Integrity Verified.
[2026-07-09 18:48:25] [ORCHESTRATOR] Executing CMD_123 ...
[2026-07-09 18:48:26] [ORCHESTRATOR] CMD_123 completed successfully.
[2026-07-09 18:52:57] [ORCHESTRATOR] Governance Orchestrator Engine v2.2 Ready.
[2026-07-09 18:52:57] [ORCHESTRATOR] Running Governance Integrity Check...
[2026-07-09 18:52:57] [ORCHESTRATOR] Governance Integrity Verified.
[2026-07-09 18:52:57] [ORCHESTRATOR] Executing CMD_124 ...
[2026-07-09 18:52:57] [ORCHESTRATOR] CMD_124 completed successfully.
[2026-07-09 18:57:18] [ORCHESTRATOR] Governance Orchestrator Engine v2.2 Ready.
[2026-07-09 18:57:18] [ORCHESTRATOR] Running Governance Integrity Check...
[2026-07-09 18:57:18] [ORCHESTRATOR] Governance Integrity Verified.
[2026-07-09 18:57:18] [ORCHESTRATOR] Executing CMD_125 ...
[2026-07-09 18:57:19] [ORCHESTRATOR] CMD_125 completed successfully.
[2026-07-09 18:58:33] [ORCHESTRATOR] Governance Orchestrator Engine v2.2 Ready.
[2026-07-09 18:58:33] [ORCHESTRATOR] Running Governance Integrity Check...
[2026-07-09 18:58:33] [ORCHESTRATOR] Governance Integrity Verified.
[2026-07-09 18:58:33] [ORCHESTRATOR] Executing CMD_126 ...
[2026-07-09 18:58:33] [ORCHESTRATOR] CMD_126 completed successfully.
[2026-07-09 19:08:05] [ORCHESTRATOR] Governance Orchestrator Engine v2.2 Ready.
[2026-07-09 19:08:05] [ORCHESTRATOR] Running Governance Integrity Check...
[2026-07-09 19:08:05] [ORCHESTRATOR] Governance Integrity Verified.
[2026-07-09 19:08:05] [ORCHESTRATOR] Executing CMD_127_002 ...
[2026-07-09 19:08:05] [ORCHESTRATOR] CMD_127_002 completed successfully.
[2026-07-09 19:11:02] [ORCHESTRATOR] Governance Orchestrator Engine v2.2 Ready.
[2026-07-09 19:11:02] [ORCHESTRATOR] Running Governance Integrity Check...
[2026-07-09 19:11:02] [ORCHESTRATOR] Governance Integrity Verified.
[2026-07-09 19:11:02] [ORCHESTRATOR] Executing CMD_128 ...
[2026-07-09 19:11:02] [ORCHESTRATOR] CMD_128 completed successfully.
[2026-07-09 19:12:28] [ORCHESTRATOR] Governance Orchestrator Engine v2.2 Ready.
[2026-07-09 19:12:28] [ORCHESTRATOR] Running Governance Integrity Check...
[2026-07-09 19:12:28] [ORCHESTRATOR] Governance Integrity Verified.
[2026-07-09 19:12:28] [ORCHESTRATOR] Executing CMD_129 ...
[2026-07-09 19:12:28] [ORCHESTRATOR] CMD_129 completed successfully.
[2026-07-09 19:14:36] [ORCHESTRATOR] Governance Orchestrator Engine v2.2 Ready.
[2026-07-09 19:14:36] [ORCHESTRATOR] Running Governance Integrity Check...
[2026-07-09 19:14:36] [ORCHESTRATOR] Governance Integrity Verified.
[2026-07-09 19:14:36] [ORCHESTRATOR] Executing CMD_130 ...
[2026-07-09 19:14:36] [ORCHESTRATOR] CMD_130 completed successfully.
[2026-07-09 19:15:38] [ORCHESTRATOR] Governance Orchestrator Engine v2.2 Ready.
[2026-07-09 19:15:38] [ORCHESTRATOR] Running Governance Integrity Check...
[2026-07-09 19:15:38] [ORCHESTRATOR] Governance Integrity Verified.
[2026-07-09 19:15:38] [ORCHESTRATOR] Executing CMD_131 ...
[2026-07-09 19:15:38] [ORCHESTRATOR] CMD_131 completed successfully.
[2026-07-09 20:42:44] [ORCHESTRATOR] Governance Orchestrator Engine v2.2 Ready.
[2026-07-09 20:42:44] [ORCHESTRATOR] Running Governance Integrity Check...
[2026-07-09 20:42:44] [ORCHESTRATOR] Governance Integrity Verified.
[2026-07-09 20:42:44] [ORCHESTRATOR] Executing CMD_132 ...
[2026-07-09 20:42:44] [ORCHESTRATOR] CMD_132 completed successfully.
